#
# There is insufficient memory for the Java Runtime Environment to continue.
# Native memory allocation (mmap) failed to map 134217728 bytes for Failed to commit area from 0x0000000080a00000 to 0x0000000088a00000 of length 134217728.
# Possible reasons:
#   The system is out of physical RAM or swap space
#   The process is running with CompressedOops enabled, and the Java Heap may be blocking the growth of the native heap
# Possible solutions:
#   Reduce memory load on the system
#   Increase physical memory or swap space
#   Check if swap backing store is full
#   Decrease Java heap size (-Xmx/-Xms)
#   Decrease number of Java threads
#   Decrease Java thread stack sizes (-Xss)
#   Set larger code cache with -XX:ReservedCodeCacheSize=
#   JVM is running with Unscaled Compressed Oops mode in which the Java heap is
#     placed in the first 4GB address space. The Java Heap base address is the
#     maximum limit for the native heap growth. Please use -XX:HeapBaseMinAddress
#     to set the Java Heap base and to place the Java Heap above 4GB virtual address.
# This output file may be truncated or incomplete.
#
#  Out of Memory Error (./open/src/hotspot/os/windows/os_windows.cpp:3315), pid=16500, tid=14856
#
# JRE version:  (14.0.1+7) (build )
# Java VM: OpenJDK 64-Bit Server VM (14.0.1+7, mixed mode, sharing, tiered, compressed oops, g1 gc, windows-amd64)
# No core dump will be written. Minidumps are not enabled by default on client versions of Windows
#

---------------  S U M M A R Y ------------

Command Line: br.com.antoniodiego.gertarefas.Principal

Host: Intel(R) Core(TM) i5-2400 CPU @ 3.10GHz, 4 cores, 7G,  Windows 10 , 64 bit Build 19041 (10.0.19041.662)
Time: Tue Feb  2 19:59:33 2021 Hora oficial do Brasil elapsed time: 0 seconds (0d 0h 0m 0s)

---------------  T H R E A D  ---------------

Current thread (0x000002ad8d746800):  JavaThread "Unknown thread" [_thread_in_vm, id=14856, stack(0x000000c4dda00000,0x000000c4ddb00000)]

Stack: [0x000000c4dda00000,0x000000c4ddb00000]
Native frames: (J=compiled Java code, j=interpreted, Vv=VM code, C=native code)
V  [jvm.dll+0x5f840a]
V  [jvm.dll+0x741e4a]
V  [jvm.dll+0x7435ff]
V  [jvm.dll+0x743c43]
V  [jvm.dll+0x20d288]
V  [jvm.dll+0x5f57ba]
V  [jvm.dll+0x5ea615]
V  [jvm.dll+0x2c7e9c]
V  [jvm.dll+0x2c7cd2]
V  [jvm.dll+0x2cdbbc]
V  [jvm.dll+0x313ff8]
V  [jvm.dll+0x313720]
V  [jvm.dll+0x2a092a]
V  [jvm.dll+0x2a1a79]
V  [jvm.dll+0x71f718]
V  [jvm.dll+0x321c44]
V  [jvm.dll+0x700b0c]
V  [jvm.dll+0x392dff]
V  [jvm.dll+0x394e71]
C  [jli.dll+0x523b]
C  [ucrtbase.dll+0x214c2]
C  [KERNEL32.DLL+0x17034]
C  [ntdll.dll+0x4d0d1]


---------------  P R O C E S S  ---------------

Threads class SMR info:
_java_thread_list=0x00007ffe72113078, length=0, elements={
}

Java Threads: ( => current thread )

Other Threads:
  0x000002ad8d78b000 GCTaskThread "GC Thread#0" [stack: 0x000000c4ddb00000,0x000000c4ddc00000] [id=2120]
  0x000002ad8d79c800 ConcurrentGCThread "G1 Main Marker" [stack: 0x000000c4ddc00000,0x000000c4ddd00000] [id=13180]
  0x000002ad8d79e800 ConcurrentGCThread "G1 Conc#0" [stack: 0x000000c4ddd00000,0x000000c4dde00000] [id=5280]

[error occurred during error reporting (printing all threads), id 0xc0000005, EXCEPTION_ACCESS_VIOLATION (0xc0000005) at pc=0x00007ffe71941257]

VM state:not at safepoint (not fully initialized)

VM Mutex/Monitor currently owned by a thread:  ([mutex/lock_event])
[0x000002ad8d742de0] Heap_lock - owner thread: 0x000002ad8d746800

Heap address: 0x0000000080a00000, size: 2038 MB, Compressed Oops mode: 32-bit
Narrow klass base: 0x0000000000000000, Narrow klass shift: 0

GC Heap History (0 events):
No events

Deoptimization events (0 events):
No events

Classes unloaded (0 events):
No events

Classes redefined (0 events):
No events

Internal exceptions (0 events):
No events

Events (2 events):
Event: 0.029 Loaded shared library D:\Instala\Java\JDK\jdk-14.0.1\bin\java.dll
Event: 0.036 Loaded shared library D:\Instala\Java\JDK\jdk-14.0.1\bin\zip.dll


Dynamic libraries:
0x00007ff6feba0000 - 0x00007ff6febad000 	D:\Instala\Java\JDK\jdk-14.0.1\bin\java.exe
0x00007ffeebbf0000 - 0x00007ffeebde6000 	C:\WINDOWS\SYSTEM32\ntdll.dll
0x00007ffebc920000 - 0x00007ffebc932000 	C:\Program Files\AVAST Software\Avast\aswhook.dll
0x00007ffee9e20000 - 0x00007ffee9edd000 	C:\WINDOWS\System32\KERNEL32.DLL
0x00007ffee9670000 - 0x00007ffee9939000 	C:\WINDOWS\System32\KERNELBASE.dll
0x00007ffee9aa0000 - 0x00007ffee9ba0000 	C:\WINDOWS\System32\ucrtbase.dll
0x00007ffeca5b0000 - 0x00007ffeca5c8000 	D:\Instala\Java\JDK\jdk-14.0.1\bin\jli.dll
0x00007ffee9c80000 - 0x00007ffee9e20000 	C:\WINDOWS\System32\USER32.dll
0x00007ffee9c20000 - 0x00007ffee9c42000 	C:\WINDOWS\System32\win32u.dll
0x00007ffeea540000 - 0x00007ffeea56a000 	C:\WINDOWS\System32\GDI32.dll
0x00007ffee9420000 - 0x00007ffee952b000 	C:\WINDOWS\System32\gdi32full.dll
0x00007ffee9380000 - 0x00007ffee941d000 	C:\WINDOWS\System32\msvcp_win.dll
0x00007ffeca590000 - 0x00007ffeca5a5000 	D:\Instala\Java\JDK\jdk-14.0.1\bin\VCRUNTIME140.dll
0x00007ffedf4d0000 - 0x00007ffedf76b000 	C:\WINDOWS\WinSxS\amd64_microsoft.windows.common-controls_6595b64144ccf1df_6.0.19041.746_none_ca02b4b61b8320a4\COMCTL32.dll
0x00007ffeeb650000 - 0x00007ffeeb6ee000 	C:\WINDOWS\System32\msvcrt.dll
0x00007ffee9c50000 - 0x00007ffee9c80000 	C:\WINDOWS\System32\IMM32.DLL
0x00007ffebbae0000 - 0x00007ffebbb7b000 	D:\Instala\Java\JDK\jdk-14.0.1\bin\msvcp140.dll
0x00007ffe71690000 - 0x00007ffe721ae000 	D:\Instala\Java\JDK\jdk-14.0.1\bin\server\jvm.dll
0x00007ffeea2d0000 - 0x00007ffeea37c000 	C:\WINDOWS\System32\ADVAPI32.dll
0x00007ffee9ee0000 - 0x00007ffee9f7c000 	C:\WINDOWS\System32\sechost.dll
0x00007ffeea7c0000 - 0x00007ffeea8eb000 	C:\WINDOWS\System32\RPCRT4.dll
0x00007ffeeb040000 - 0x00007ffeeb048000 	C:\WINDOWS\System32\PSAPI.DLL
0x00007ffede130000 - 0x00007ffede139000 	C:\WINDOWS\SYSTEM32\WSOCK32.dll
0x00007ffeeb050000 - 0x00007ffeeb0bb000 	C:\WINDOWS\System32\WS2_32.dll
0x00007ffee03a0000 - 0x00007ffee03c7000 	C:\WINDOWS\SYSTEM32\WINMM.dll
0x00007ffee1df0000 - 0x00007ffee1dfa000 	C:\WINDOWS\SYSTEM32\VERSION.dll
0x00007ffee7210000 - 0x00007ffee7222000 	C:\WINDOWS\SYSTEM32\kernel.appcore.dll
0x00007ffee5080000 - 0x00007ffee508a000 	D:\Instala\Java\JDK\jdk-14.0.1\bin\jimage.dll
0x00007ffee0750000 - 0x00007ffee0934000 	C:\WINDOWS\SYSTEM32\DBGHELP.DLL
0x00007ffee04d0000 - 0x00007ffee04fc000 	C:\WINDOWS\SYSTEM32\dbgcore.DLL
0x00007ffee9ba0000 - 0x00007ffee9c20000 	C:\WINDOWS\System32\bcryptPrimitives.dll
0x00007ffec3be0000 - 0x00007ffec3c05000 	D:\Instala\Java\JDK\jdk-14.0.1\bin\java.dll
0x00007ffec2c50000 - 0x00007ffec2c66000 	D:\Instala\Java\JDK\jdk-14.0.1\bin\zip.dll

dbghelp: loaded successfully - version: 4.0.5 - missing functions: none
symbol engine: initialized successfully - sym options: 0x614 - pdb path: .;D:\Instala\Java\JDK\jdk-14.0.1\bin;C:\WINDOWS\SYSTEM32;C:\Program Files\AVAST Software\Avast;C:\WINDOWS\WinSxS\amd64_microsoft.windows.common-controls_6595b64144ccf1df_6.0.19041.746_none_ca02b4b61b8320a4;D:\Instala\Java\JDK\jdk-14.0.1\bin\server

VM Arguments:
java_command: br.com.antoniodiego.gertarefas.Principal
java_class_path (initial): D:\anton\Estudos\Informatica\Programacao\Projetos\Sistemas\Gerente de taref\Vers Java\Usando Java 8\E Swing\Com Maven\Geretar-Ma-J8-NB\target\classes;D:\anton\Arquiv us\maven\repos\org\springframework\boot\spring-boot-starter\2.2.2.RELEASE\spring-boot-starter-2.2.2.RELEASE.jar;D:\anton\Arquiv us\maven\repos\org\springframework\boot\spring-boot\2.2.2.RELEASE\spring-boot-2.2.2.RELEASE.jar;D:\anton\Arquiv us\maven\repos\org\springframework\spring-context\5.2.2.RELEASE\spring-context-5.2.2.RELEASE.jar;D:\anton\Arquiv us\maven\repos\org\springframework\boot\spring-boot-autoconfigure\2.2.2.RELEASE\spring-boot-autoconfigure-2.2.2.RELEASE.jar;D:\anton\Arquiv us\maven\repos\jakarta\annotation\jakarta.annotation-api\1.3.5\jakarta.annotation-api-1.3.5.jar;D:\anton\Arquiv us\maven\repos\org\springframework\spring-core\5.2.2.RELEASE\spring-core-5.2.2.RELEASE.jar;D:\anton\Arquiv us\maven\repos\org\springframework\spring-jcl\5.2.2.RELEASE\spring-jcl-5.2.2.RELEASE.jar;D:\anton\Arquiv us\maven\repos\org\yaml\snakeyaml\1.25\snakeyaml-1.25.jar;D:\anton\Arquiv us\maven\repos\org\springframework\boot\spring-boot-starter-log4j2\2.2.2.RELEASE\spring-boot-starter-log4j2-2.2.2.RELEASE.jar;D:\anton\Arquiv us\maven\repos\org\apache\logging\log4j\log4j-slf4j-impl\2.12.1\log4j-slf4j-impl-2.12.1.jar;D:\anton\Arquiv us\maven\repos\org\slf4j\slf4j-api\1.7.25\slf4j-api-1.7.25.jar;D:\anton\Arquiv us\maven\repos\org\apache\logging\log4j\log4j-jul\2.12.1\log4j-jul-2.12.1.jar;D:\anton\Arquiv us\maven\repos\org\slf4j\jul-to-slf4j\1.7.29\jul-to-slf4j-1.7.29.jar;D:\anton\Arquiv us\maven\repos\org\hibernate\hibernate-core\5.4.25.Final\hibernate-core-5.4.25.Final.jar;D:\anton\Arquiv us\maven\repos\org\jboss\logging\jboss-logging\3.4.1.Final\jboss-logging-3.4.1.Final.jar;D:\anton\Arquiv us\maven\repos\javax\persistence\javax.persistence-api\2.2\javax.persistence-api-2.2.jar;D:\anton\Arquiv us\maven\repos\org\javassist\javassist\3.27.0-GA\javassist-3.27.0-GA.jar;D:\anton\Arquiv us
Launcher Type: SUN_STANDARD

[Global flags]
     intx CICompilerCount                          = 3                                         {product} {ergonomic}
     uint ConcGCThreads                            = 1                                         {product} {ergonomic}
     uint G1ConcRefinementThreads                  = 4                                         {product} {ergonomic}
   size_t G1HeapRegionSize                         = 1048576                                   {product} {ergonomic}
    uintx GCDrainStackTargetSize                   = 64                                        {product} {ergonomic}
   size_t InitialHeapSize                          = 134217728                                 {product} {ergonomic}
   size_t MarkStackSize                            = 4194304                                   {product} {ergonomic}
   size_t MaxHeapSize                              = 2136997888                                {product} {ergonomic}
   size_t MinHeapDeltaBytes                        = 1048576                                   {product} {ergonomic}
   size_t MinHeapSize                              = 8388608                                   {product} {ergonomic}
    uintx NonNMethodCodeHeapSize                   = 5832780                                {pd product} {ergonomic}
    uintx NonProfiledCodeHeapSize                  = 122912730                              {pd product} {ergonomic}
    uintx ProfiledCodeHeapSize                     = 122912730                              {pd product} {ergonomic}
    uintx ReservedCodeCacheSize                    = 251658240                              {pd product} {ergonomic}
     bool SegmentedCodeCache                       = true                                      {product} {ergonomic}
   size_t SoftMaxHeapSize                          = 2136997888                             {manageable} {ergonomic}
     bool UseCompressedClassPointers               = true                                 {lp64_product} {ergonomic}
     bool UseCompressedOops                        = true                                 {lp64_product} {ergonomic}
     bool UseG1GC                                  = true                                      {product} {ergonomic}
     bool UseLargePagesIndividualAllocation        = false                                  {pd product} {ergonomic}

Logging:
Log output configuration:
 #0: stdout all=warning uptime,level,tags
 #1: stderr all=off uptime,level,tags

Environment Variables:
JAVA_HOME=D:\Instala\Java\JDK\jdk-14.0.1
PATH=D:\anton\Instalac\Perl 64\site\bin;D:\anton\Instalac\Perl 64\bin;rD:\Instala\jdk-12.0.1\bin;remC:\Program Files (x86)\Common Files\Oracle\Java\javapath;rerfeC:\Program Files (x86)\Common Files\Oracle\Java\javapath;C:\WINDOWS\system32;C:\WINDOWS;C:\WINDOWS\System32\Wbem;C:\WINDOWS\System32\WindowsPowerShell\v1.0\;C:\WINDOWS\System32\OpenSSH\;-D:\Instala\TDM-GCC-32\bin;D:\Instala\node js\;D:\Instala\Qt\4.8.5\bin;D:\Instala\Ant\apache-ant-1.10.5\bin;D:\anton\Instalac\apache-maven-3.6.0\bin;_D:\Instala\EasyPHP-Devserver-17\eds-binaries\dbserver\mysql5717x86x181126101904\bin;D:\Instala\ffmpeg-20161208-3ab1311-win32-static\bin;C:\Program Files\NVIDIA Corporation\NVIDIA NvDLISR;D:\anton\Instalac\Inno Setup 5;C:\Program Files (x86)\WiX Toolset v3.11\bin;rD:\Instala\apache-ant-1.8.0\bin;C:\Program Files\TortoiseSVN\bin;C:\Program Files (x86)\Common Files\PerkinElmer\;_D:\anton\Estudos\Informatica\Programacao\Web\Bancos de dados\MySQL\mysql-8.0.18-winx64\bin;D:\anton\Estudos\Informatica\Programacao\Flutter\flutter\bin;D:\anton\Instalac\StrawberryPerl_64\c\bin;D:\anton\Instalac\StrawberryPerl_64\perl\site\bin;D:\anton\Instalac\StrawberryPerl_64\perl\bin;D:\Instala\EasyPHP-Devserver-17\eds-binaries\httpserver\apache2425vc11x86x181126101904\bin;D:\anton\Instalac\Gradle\gradle-6.3\bin;D:\Instala\Java\JDK\jdk-14.0.1\bin;D:\Program Files (x86)\WinMerge;D:\Instala\TDM-GCC-64\bin;C:\WINDOWS\system32;C:\WINDOWS;C:\WINDOWS\System32\Wbem;C:\WINDOWS\System32\WindowsPowerShell\v1.0\;C:\WINDOWS\System32\OpenSSH\;C:\Program Files (x86)\Windows Kits\10\Windows Performance Toolkit\;D:\anton\Instalac\Turt Git\bin;C:\Program Files\PuTTY\;C:\Program Files\VisualSVN Server\bin;C:\Program Files (x86)\Common Files\Acronis\SnapAPI\;C:\Program Files (x86)\AOMEI\AOMEI Backupper 6.2.0;_D:\anton\Instalac\mysql-5.7.33-winx64\bin;D:\Instala\php-8.0.1-Win32-vs16-x86;D:\anton\Instalac\Android\Sdk\platform-tools;D:\anton\Instalac\Crucial St Ex;D:\anton\Instalac\mysql-8.0.23-winx64\bin;C:\Users\anton\AppDat
USERNAME=anton
OS=Windows_NT
PROCESSOR_IDENTIFIER=Intel64 Family 6 Model 42 Stepping 7, GenuineIntel



---------------  S Y S T E M  ---------------

OS: Windows 10 , 64 bit Build 19041 (10.0.19041.662)
OS uptime: 0 days 4:59 hours
HyperV virtualization detected

CPU:total 4 (initial active 4) (4 cores per cpu, 1 threads per core) family 6 model 42 stepping 7, cmov, cx8, fxsr, mmx, sse, sse2, sse3, ssse3, sse4.1, sse4.2, popcnt, avx, aes, clmul, tsc, tscinvbit

Memory: 4k page, system-wide physical 8145M (789M free)
TotalPageFile size 12241M (AvailPageFile size 76M)
current process WorkingSet (physical memory assigned to process): 10M, peak: 10M
current process commit charge ("private bytes"): 52M, peak: 180M

vm_info: OpenJDK 64-Bit Server VM (14.0.1+7) for windows-amd64 JRE (14.0.1+7), built on Mar  5 2020 10:30:04 by "mach5one" with MS VC++ 15.9 (VS2017)

END.
